This is XeTeX, Version 3.141592653-2.6-0.999998 (TeX Live 2026) (preloaded format=xelatex)
 \write18 enabled.
entering extended mode
(./_combined_manuscript.tex
LaTeX2e <2025-11-01>
L3 programming layer <2026-01-19>
(/usr/local/texlive/2026/texmf-dist/tex/latex/base/article.cls
Document Class: article 2025/01/22 v1.4n Standard LaTeX document class
(/usr/local/texlive/2026/texmf-dist/tex/latex/base/size10.clo))
(/usr/local/texlive/2026/texmf-dist/tex/latex/xcolor/xcolor.sty
(/usr/local/texlive/2026/texmf-dist/tex/latex/graphics-cfg/color.cfg)
(/usr/local/texlive/2026/texmf-dist/tex/latex/graphics-def/xetex.def)
(/usr/local/texlive/2026/texmf-dist/tex/latex/graphics/mathcolor.ltx))
(/usr/local/texlive/2026/texmf-dist/tex/latex/geometry/geometry.sty
(/usr/local/texlive/2026/texmf-dist/tex/latex/graphics/keyval.sty)
(/usr/local/texlive/2026/texmf-dist/tex/generic/iftex/ifvtex.sty
(/usr/local/texlive/2026/texmf-dist/tex/generic/iftex/iftex.sty)))
(/usr/local/texlive/2026/texmf-dist/tex/latex/amsmath/amsmath.sty
For additional information on amsmath, use the `?' option.
(/usr/local/texlive/2026/texmf-dist/tex/latex/amsmath/amstext.sty
(/usr/local/texlive/2026/texmf-dist/tex/latex/amsmath/amsgen.sty))
(/usr/local/texlive/2026/texmf-dist/tex/latex/amsmath/amsbsy.sty)
(/usr/local/texlive/2026/texmf-dist/tex/latex/amsmath/amsopn.sty))
(/usr/local/texlive/2026/texmf-dist/tex/latex/amsfonts/amssymb.sty
(/usr/local/texlive/2026/texmf-dist/tex/latex/amsfonts/amsfonts.sty))
(/usr/local/texlive/2026/texmf-dist/tex/latex/unicode-math/unicode-math.sty
(/usr/local/texlive/2026/texmf-dist/tex/latex/l3kernel/expl3.sty
(/usr/local/texlive/2026/texmf-dist/tex/latex/l3backend/l3backend-xetex.def))
(/usr/local/texlive/2026/texmf-dist/tex/latex/unicode-math/unicode-math-xetex.s
ty (/usr/local/texlive/2026/texmf-dist/tex/latex/l3packages/xparse/xparse.sty)
(/usr/local/texlive/2026/texmf-dist/tex/latex/l3packages/l3keys2e/l3keys2e.sty)
 (/usr/local/texlive/2026/texmf-dist/tex/latex/fontspec/fontspec.sty
(/usr/local/texlive/2026/texmf-dist/tex/latex/fontspec/fontspec-xetex.sty
(/usr/local/texlive/2026/texmf-dist/tex/latex/base/fontenc.sty)
(/usr/local/texlive/2026/texmf-dist/tex/latex/fontspec/fontspec.cfg)))
(/usr/local/texlive/2026/texmf-dist/tex/latex/base/fix-cm.sty
(/usr/local/texlive/2026/texmf-dist/tex/latex/base/ts1enc.def))
(/usr/local/texlive/2026/texmf-dist/tex/latex/unicode-math/unicode-math-table.t
ex))) (/usr/local/texlive/2026/texmf-dist/tex/latex/upquote/upquote.sty
(/usr/local/texlive/2026/texmf-dist/tex/latex/base/textcomp.sty))
(/usr/local/texlive/2026/texmf-dist/tex/latex/microtype/microtype.sty
(/usr/local/texlive/2026/texmf-dist/tex/latex/etoolbox/etoolbox.sty)
(/usr/local/texlive/2026/texmf-dist/tex/latex/microtype/microtype-xetex.def)
(/usr/local/texlive/2026/texmf-dist/tex/latex/microtype/microtype.cfg))
(/usr/local/texlive/2026/texmf-dist/tex/latex/parskip/parskip.sty
(/usr/local/texlive/2026/texmf-dist/tex/latex/kvoptions/kvoptions.sty
(/usr/local/texlive/2026/texmf-dist/tex/generic/ltxcmds/ltxcmds.sty)
(/usr/local/texlive/2026/texmf-dist/tex/latex/kvsetkeys/kvsetkeys.sty)))
(/usr/local/texlive/2026/texmf-dist/tex/latex/fancyvrb/fancyvrb.sty)
(/usr/local/texlive/2026/texmf-dist/tex/latex/tools/longtable.sty)
(/usr/local/texlive/2026/texmf-dist/tex/latex/booktabs/booktabs.sty)
(/usr/local/texlive/2026/texmf-dist/tex/latex/tools/array.sty)
(/usr/local/texlive/2026/texmf-dist/tex/latex/tools/calc.sty)
(/usr/local/texlive/2026/texmf-dist/tex/latex/footnotehyper/footnotehyper.sty)
(/usr/local/texlive/2026/texmf-dist/tex/latex/graphics/graphicx.sty
(/usr/local/texlive/2026/texmf-dist/tex/latex/graphics/graphics.sty
(/usr/local/texlive/2026/texmf-dist/tex/latex/graphics/trig.sty)
(/usr/local/texlive/2026/texmf-dist/tex/latex/graphics-cfg/graphics.cfg)))
(/usr/local/texlive/2026/texmf-dist/tex/latex/natbib/natbib.sty)
(/usr/local/texlive/2026/texmf-dist/tex/latex/caption/subcaption.sty
(/usr/local/texlive/2026/texmf-dist/tex/latex/caption/caption.sty
(/usr/local/texlive/2026/texmf-dist/tex/latex/caption/caption3.sty)
(/usr/local/texlive/2026/texmf-dist/tex/latex/caption/ltcaption.sty)))
(/usr/local/texlive/2026/texmf-dist/tex/latex/float/float.sty)
(/usr/local/texlive/2026/texmf-dist/tex/latex/bookmark/bookmark.sty
(/usr/local/texlive/2026/texmf-dist/tex/latex/hyperref/hyperref.sty
(/usr/local/texlive/2026/texmf-dist/tex/generic/kvdefinekeys/kvdefinekeys.sty)
(/usr/local/texlive/2026/texmf-dist/tex/generic/pdfescape/pdfescape.sty
(/usr/local/texlive/2026/texmf-dist/tex/generic/pdftexcmds/pdftexcmds.sty
(/usr/local/texlive/2026/texmf-dist/tex/generic/infwarerr/infwarerr.sty)))
(/usr/local/texlive/2026/texmf-dist/tex/latex/hycolor/hycolor.sty)
(/usr/local/texlive/2026/texmf-dist/tex/latex/hyperref/nameref.sty
(/usr/local/texlive/2026/texmf-dist/tex/latex/refcount/refcount.sty)
(/usr/local/texlive/2026/texmf-dist/tex/generic/gettitlestring/gettitlestring.s
ty)) (/usr/local/texlive/2026/texmf-dist/tex/generic/stringenc/stringenc.sty)
(/usr/local/texlive/2026/texmf-dist/tex/latex/hyperref/pd1enc.def)
(/usr/local/texlive/2026/texmf-dist/tex/generic/intcalc/intcalc.sty)
(/usr/local/texlive/2026/texmf-dist/tex/latex/hyperref/puenc.def)
(/usr/local/texlive/2026/texmf-dist/tex/latex/url/url.sty)
(/usr/local/texlive/2026/texmf-dist/tex/generic/bitset/bitset.sty
(/usr/local/texlive/2026/texmf-dist/tex/generic/bigintcalc/bigintcalc.sty)))
(/usr/local/texlive/2026/texmf-dist/tex/latex/hyperref/hxetex.def
(/usr/local/texlive/2026/texmf-dist/tex/latex/rerunfilecheck/rerunfilecheck.sty

(/usr/local/texlive/2026/texmf-dist/tex/generic/uniquecounter/uniquecounter.sty
))) (/usr/local/texlive/2026/texmf-dist/tex/latex/bookmark/bkm-dvipdfm.def))
(/usr/local/texlive/2026/texmf-dist/tex/latex/xurl/xurl.sty)
(/usr/local/texlive/2026/texmf-dist/tex/latex/seqsplit/seqsplit.sty)
(/usr/local/texlive/2026/texmf-dist/tex/latex/listings/listings.sty
(/usr/local/texlive/2026/texmf-dist/tex/latex/listings/lstpatch.sty)
(/usr/local/texlive/2026/texmf-dist/tex/latex/listings/lstmisc.sty)
(/usr/local/texlive/2026/texmf-dist/tex/latex/listings/listings.cfg))
==> First Aid for listings.sty no longer applied!
    Expected:
        2024/09/23 1.10c (Carsten Heinz)
    but found:
        2025/11/14 1.11b (Carsten Heinz)
    so I'm assuming it got fixed.
(/usr/local/texlive/2026/texmf-dist/tex/latex/cleveref/cleveref.sty)
==> First Aid for cleveref.sty applied!
(/usr/local/texlive/2026/texmf-dist/tex/latex/setspace/setspace.sty)
(/usr/local/texlive/2026/texmf-dist/tex/latex/fancyhdr/fancyhdr.sty)
(/usr/local/texlive/2026/texmf-dist/tex/latex/titlesec/titlesec.sty)
(/usr/local/texlive/2026/texmf-dist/tex/latex/enumitem/enumitem.sty)
(/usr/local/texlive/2026/texmf-dist/tex/latex/tcolorbox/tcolorbox.sty
(/usr/local/texlive/2026/texmf-dist/tex/latex/pgf/frontendlayer/tikz.sty
(/usr/local/texlive/2026/texmf-dist/tex/latex/pgf/basiclayer/pgf.sty
(/usr/local/texlive/2026/texmf-dist/tex/latex/pgf/utilities/pgfrcs.sty
(/usr/local/texlive/2026/texmf-dist/tex/generic/pgf/utilities/pgfutil-common.te
x)
(/usr/local/texlive/2026/texmf-dist/tex/generic/pgf/utilities/pgfutil-latex.def
) (/usr/local/texlive/2026/texmf-dist/tex/generic/pgf/utilities/pgfrcs.code.tex
(/usr/local/texlive/2026/texmf-dist/tex/generic/pgf/pgf.revision.tex)))
(/usr/local/texlive/2026/texmf-dist/tex/latex/pgf/basiclayer/pgfcore.sty
(/usr/local/texlive/2026/texmf-dist/tex/latex/pgf/systemlayer/pgfsys.sty
(/usr/local/texlive/2026/texmf-dist/tex/generic/pgf/systemlayer/pgfsys.code.tex
(/usr/local/texlive/2026/texmf-dist/tex/generic/pgf/utilities/pgfkeys.code.tex
(/usr/local/texlive/2026/texmf-dist/tex/generic/pgf/utilities/pgfkeyslibraryfil
tered.code.tex))
(/usr/local/texlive/2026/texmf-dist/tex/generic/pgf/systemlayer/pgf.cfg)
(/usr/local/texlive/2026/texmf-dist/tex/generic/pgf/systemlayer/pgfsys-xetex.de
f
(/usr/local/texlive/2026/texmf-dist/tex/generic/pgf/systemlayer/pgfsys-dvipdfmx
.def
(/usr/local/texlive/2026/texmf-dist/tex/generic/pgf/systemlayer/pgfsys-common-p
df.def))))
(/usr/local/texlive/2026/texmf-dist/tex/generic/pgf/systemlayer/pgfsyssoftpath.
code.tex)
(/usr/local/texlive/2026/texmf-dist/tex/generic/pgf/systemlayer/pgfsysprotocol.
code.tex))
(/usr/local/texlive/2026/texmf-dist/tex/generic/pgf/basiclayer/pgfcore.code.tex
(/usr/local/texlive/2026/texmf-dist/tex/generic/pgf/math/pgfmath.code.tex
(/usr/local/texlive/2026/texmf-dist/tex/generic/pgf/math/pgfmathutil.code.tex)
(/usr/local/texlive/2026/texmf-dist/tex/generic/pgf/math/pgfmathparser.code.tex
)
(/usr/local/texlive/2026/texmf-dist/tex/generic/pgf/math/pgfmathfunctions.code.
tex)
(/usr/local/texlive/2026/texmf-dist/tex/generic/pgf/math/pgfmathfunctions.basic
.code.tex)
(/usr/local/texlive/2026/texmf-dist/tex/generic/pgf/math/pgfmathfunctions.trigo
nometric.code.tex)
(/usr/local/texlive/2026/texmf-dist/tex/generic/pgf/math/pgfmathfunctions.rando
m.code.tex)
(/usr/local/texlive/2026/texmf-dist/tex/generic/pgf/math/pgfmathfunctions.compa
rison.code.tex)
(/usr/local/texlive/2026/texmf-dist/tex/generic/pgf/math/pgfmathfunctions.base.
code.tex)
(/usr/local/texlive/2026/texmf-dist/tex/generic/pgf/math/pgfmathfunctions.round
.code.tex)
(/usr/local/texlive/2026/texmf-dist/tex/generic/pgf/math/pgfmathfunctions.misc.
code.tex)
(/usr/local/texlive/2026/texmf-dist/tex/generic/pgf/math/pgfmathfunctions.integ
erarithmetics.code.tex)
(/usr/local/texlive/2026/texmf-dist/tex/generic/pgf/math/pgfmathcalc.code.tex)
(/usr/local/texlive/2026/texmf-dist/tex/generic/pgf/math/pgfmathfloat.code.tex)
) (/usr/local/texlive/2026/texmf-dist/tex/generic/pgf/math/pgfint.code.tex)
(/usr/local/texlive/2026/texmf-dist/tex/generic/pgf/basiclayer/pgfcorepoints.co
de.tex)
(/usr/local/texlive/2026/texmf-dist/tex/generic/pgf/basiclayer/pgfcorepathconst
ruct.code.tex)
(/usr/local/texlive/2026/texmf-dist/tex/generic/pgf/basiclayer/pgfcorepathusage
.code.tex)
(/usr/local/texlive/2026/texmf-dist/tex/generic/pgf/basiclayer/pgfcorescopes.co
de.tex)
(/usr/local/texlive/2026/texmf-dist/tex/generic/pgf/basiclayer/pgfcoregraphicst
ate.code.tex)
(/usr/local/texlive/2026/texmf-dist/tex/generic/pgf/basiclayer/pgfcoretransform
ations.code.tex)
(/usr/local/texlive/2026/texmf-dist/tex/generic/pgf/basiclayer/pgfcorequick.cod
e.tex)
(/usr/local/texlive/2026/texmf-dist/tex/generic/pgf/basiclayer/pgfcoreobjects.c
ode.tex)
(/usr/local/texlive/2026/texmf-dist/tex/generic/pgf/basiclayer/pgfcorepathproce
ssing.code.tex)
(/usr/local/texlive/2026/texmf-dist/tex/generic/pgf/basiclayer/pgfcorearrows.co
de.tex)
(/usr/local/texlive/2026/texmf-dist/tex/generic/pgf/basiclayer/pgfcoreshade.cod
e.tex)
(/usr/local/texlive/2026/texmf-dist/tex/generic/pgf/basiclayer/pgfcoreimage.cod
e.tex)
(/usr/local/texlive/2026/texmf-dist/tex/generic/pgf/basiclayer/pgfcoreexternal.
code.tex)
(/usr/local/texlive/2026/texmf-dist/tex/generic/pgf/basiclayer/pgfcorelayers.co
de.tex)
(/usr/local/texlive/2026/texmf-dist/tex/generic/pgf/basiclayer/pgfcoretranspare
ncy.code.tex)
(/usr/local/texlive/2026/texmf-dist/tex/generic/pgf/basiclayer/pgfcorepatterns.
code.tex)
(/usr/local/texlive/2026/texmf-dist/tex/generic/pgf/basiclayer/pgfcorerdf.code.
tex)))
(/usr/local/texlive/2026/texmf-dist/tex/generic/pgf/modules/pgfmoduleshapes.cod
e.tex)
(/usr/local/texlive/2026/texmf-dist/tex/generic/pgf/modules/pgfmoduleplot.code.
tex)
(/usr/local/texlive/2026/texmf-dist/tex/latex/pgf/compatibility/pgfcomp-version
-0-65.sty)
(/usr/local/texlive/2026/texmf-dist/tex/latex/pgf/compatibility/pgfcomp-version
-1-18.sty))
(/usr/local/texlive/2026/texmf-dist/tex/latex/pgf/utilities/pgffor.sty
(/usr/local/texlive/2026/texmf-dist/tex/latex/pgf/utilities/pgfkeys.sty
(/usr/local/texlive/2026/texmf-dist/tex/generic/pgf/utilities/pgfkeys.code.tex)
) (/usr/local/texlive/2026/texmf-dist/tex/latex/pgf/math/pgfmath.sty
(/usr/local/texlive/2026/texmf-dist/tex/generic/pgf/math/pgfmath.code.tex))
(/usr/local/texlive/2026/texmf-dist/tex/generic/pgf/utilities/pgffor.code.tex))

(/usr/local/texlive/2026/texmf-dist/tex/generic/pgf/frontendlayer/tikz/tikz.cod
e.tex
(/usr/local/texlive/2026/texmf-dist/tex/generic/pgf/libraries/pgflibraryplothan
dlers.code.tex)
(/usr/local/texlive/2026/texmf-dist/tex/generic/pgf/modules/pgfmodulematrix.cod
e.tex)
(/usr/local/texlive/2026/texmf-dist/tex/generic/pgf/frontendlayer/tikz/librarie
s/tikzlibrarytopaths.code.tex)))
(/usr/local/texlive/2026/texmf-dist/tex/latex/tools/verbatim.sty)
(/usr/local/texlive/2026/texmf-dist/tex/latex/environ/environ.sty
(/usr/local/texlive/2026/texmf-dist/tex/latex/trimspaces/trimspaces.sty)))
(/usr/local/texlive/2026/texmf-dist/tex/latex/mdframed/mdframed.sty
(/usr/local/texlive/2026/texmf-dist/tex/latex/zref/zref-abspage.sty
(/usr/local/texlive/2026/texmf-dist/tex/latex/zref/zref-base.sty
(/usr/local/texlive/2026/texmf-dist/tex/generic/etexcmds/etexcmds.sty)
(/usr/local/texlive/2026/texmf-dist/tex/latex/auxhook/auxhook.sty)))
(/usr/local/texlive/2026/texmf-dist/tex/latex/needspace/needspace.sty)
(/usr/local/texlive/2026/texmf-dist/tex/latex/mdframed/md-frame-0.mdf))
(/usr/local/texlive/2026/texmf-dist/tex/latex/fontsize/fontsize.sty
(/usr/local/texlive/2026/texmf-dist/tex/latex/xkeyval/xkeyval.sty
(/usr/local/texlive/2026/texmf-dist/tex/generic/xkeyval/xkeyval.tex
(/usr/local/texlive/2026/texmf-dist/tex/generic/xkeyval/xkvutils.tex))))
(/usr/local/texlive/2026/texmf-dist/tex/latex/listings/lstlang1.sty)
(/usr/local/texlive/2026/texmf-dist/tex/latex/tcolorbox/tcbskins.code.tex
Library (tcolorbox): 'tcbskins.code.tex' version '6.9.0'
(/usr/local/texlive/2026/texmf-dist/tex/latex/tikzfill/tikzfill.image.sty
(/usr/local/texlive/2026/texmf-dist/tex/latex/tikzfill/tikzfill-common.sty)
(/usr/local/texlive/2026/texmf-dist/tex/latex/tikzfill/tikzlibraryfill.image.co
de.tex))
(/usr/local/texlive/2026/texmf-dist/tex/latex/tcolorbox/tcbskinsjigsaw.code.tex
Library (tcolorbox): 'tcbskinsjigsaw.code.tex' version '6.9.0'
)) (./_combined_manuscript.aux)
*geometry* driver: auto-detecting
*geometry* detected driver: xetex

Package microtype Warning: Unable to apply patch `footnote' on input line 283.


(/usr/local/texlive/2026/texmf-dist/tex/latex/microtype/mt-LatinModernRoman.cfg
) [1] (./_combined_manuscript.toc
(/usr/local/texlive/2026/texmf-dist/tex/latex/amsfonts/umsa.fd)
(/usr/local/texlive/2026/texmf-dist/tex/latex/microtype/mt-msa.cfg)
(/usr/local/texlive/2026/texmf-dist/tex/latex/amsfonts/umsb.fd)
(/usr/local/texlive/2026/texmf-dist/tex/latex/microtype/mt-msb.cfg)) [1]
[2] [3] [4] [5] [6]

Package hyperref Warning: Token not allowed in a PDF string (Unicode):
(hyperref)                removing `subscript' on input line 722.


Package hyperref Warning: Token not allowed in a PDF string (Unicode):
(hyperref)                removing `subscript' on input line 743.


Package hyperref Warning: Token not allowed in a PDF string (Unicode):
(hyperref)                removing `subscript' on input line 755.

[7]

Package hyperref Warning: Token not allowed in a PDF string (Unicode):
(hyperref)                removing `subscript' on input line 790.

[8]
Missing character: There is no ├ (U+251C) in font [lmmono8-regular]:!
Missing character: There is no ─ (U+2500) in font [lmmono8-regular]:!
Missing character: There is no ├ (U+251C) in font [lmmono8-regular]:!
Missing character: There is no ─ (U+2500) in font [lmmono8-regular]:!
Missing character: There is no ├ (U+251C) in font [lmmono8-regular]:!
Missing character: There is no ─ (U+2500) in font [lmmono8-regular]:!
Missing character: There is no ─ (U+2500) in font [lmmono8-regular]:!
Missing character: There is no ├ (U+251C) in font [lmmono8-regular]:!
Missing character: There is no ─ (U+2500) in font [lmmono8-regular]:!
Missing character: There is no ├ (U+251C) in font [lmmono8-regular]:!
Missing character: There is no ─ (U+2500) in font [lmmono8-regular]:!
Missing character: There is no ├ (U+251C) in font [lmmono8-regular]:!
Missing character: There is no ─ (U+2500) in font [lmmono8-regular]:!
Missing character: There is no ─ (U+2500) in font [lmmono8-regular]:!
Missing character: There is no └ (U+2514) in font [lmmono8-regular]:!
Missing character: There is no ─ (U+2500) in font [lmmono8-regular]:!
Missing character: There is no └ (U+2514) in font [lmmono8-regular]:!
Missing character: There is no ─ (U+2500) in font [lmmono8-regular]:!
Missing character: There is no └ (U+2514) in font [lmmono8-regular]:!
Missing character: There is no ─ (U+2500) in font [lmmono8-regular]:!
Missing character: There is no ─ (U+2500) in font [lmmono8-regular]:!

Package hyperref Warning: Token not allowed in a PDF string (Unicode):
(hyperref)                removing `subscript' on input line 984.


Package hyperref Warning: Token not allowed in a PDF string (Unicode):
(hyperref)                removing `subscript' on input line 984.


Package hyperref Warning: Token not allowed in a PDF string (Unicode):
(hyperref)                removing `subscript' on input line 1014.


Package hyperref Warning: Token not allowed in a PDF string (Unicode):
(hyperref)                removing `subscript' on input line 1014.

[9]

Package hyperref Warning: Token not allowed in a PDF string (Unicode):
(hyperref)                removing `subscript' on input line 1043.


Package hyperref Warning: Token not allowed in a PDF string (Unicode):
(hyperref)                removing `subscript' on input line 1084.


Package hyperref Warning: Token not allowed in a PDF string (Unicode):
(hyperref)                removing `subscript' on input line 1084.

[10] [11]

Package hyperref Warning: Token not allowed in a PDF string (Unicode):
(hyperref)                removing `subscript' on input line 1232.


Package hyperref Warning: Token not allowed in a PDF string (Unicode):
(hyperref)                removing `subscript' on input line 1232.

[12]

Package hyperref Warning: Token not allowed in a PDF string (Unicode):
(hyperref)                removing `subscript' on input line 1269.


Package hyperref Warning: Token not allowed in a PDF string (Unicode):
(hyperref)                removing `subscript' on input line 1279.


Package hyperref Warning: Token not allowed in a PDF string (Unicode):
(hyperref)                removing `subscript' on input line 1300.

[13] [14]
Missing character: There is no ├ (U+251C) in font [lmmono8-regular]:!
Missing character: There is no ─ (U+2500) in font [lmmono8-regular]:!
Missing character: There is no ─ (U+2500) in font [lmmono8-regular]:!
Missing character: There is no ├ (U+251C) in font [lmmono8-regular]:!
Missing character: There is no ─ (U+2500) in font [lmmono8-regular]:!
Missing character: There is no ─ (U+2500) in font [lmmono8-regular]:!
Missing character: There is no ├ (U+251C) in font [lmmono8-regular]:!
Missing character: There is no ─ (U+2500) in font [lmmono8-regular]:!
Missing character: There is no ─ (U+2500) in font [lmmono8-regular]:!
Missing character: There is no ├ (U+251C) in font [lmmono8-regular]:!
Missing character: There is no ─ (U+2500) in font [lmmono8-regular]:!
Missing character: There is no ─ (U+2500) in font [lmmono8-regular]:!
Missing character: There is no ├ (U+251C) in font [lmmono8-regular]:!
Missing character: There is no ─ (U+2500) in font [lmmono8-regular]:!
Missing character: There is no ─ (U+2500) in font [lmmono8-regular]:!
Missing character: There is no ├ (U+251C) in font [lmmono8-regular]:!
Missing character: There is no ─ (U+2500) in font [lmmono8-regular]:!
Missing character: There is no ─ (U+2500) in font [lmmono8-regular]:!
Missing character: There is no └ (U+2514) in font [lmmono8-regular]:!
Missing character: There is no ─ (U+2500) in font [lmmono8-regular]:!
Missing character: There is no ─ (U+2500) in font [lmmono8-regular]:!
[15] [16] [17] [18] [19] (./_combined_manuscript.bbl)

Package caption Warning: Unused \captionsetup[sub] on input line 179.
See the caption package documentation for explanation.

[20] (./_combined_manuscript.aux) )
Output written on _combined_manuscript.pdf (21 pages).
Transcript written on _combined_manuscript.log.
